Using pre-set license

 COMMAND LINE ARGUMENTS:
/Users/mr5/Desktop/Unity/2020.3.7f1/Unity.app/Contents/MacOS/Unity
-adb2
-batchMode
-noUpm
-name
AssetImportWorker0
-projectPath
/Users/mr5/Documents/GitHub/Portfolio1/Final Jurassic Park
-logFile
Logs/AssetImportWorker0.log
-srvPort
49729
Successfully changed project path to: /Users/mr5/Documents/GitHub/Portfolio1/Final Jurassic Park
/Users/mr5/Documents/GitHub/Portfolio1/Final Jurassic Park
Using Asset Import Pipeline V2.
Refreshing native plugins compatible for Editor in 37.30 ms, found 2 plugins.
Preloading 0 native plugins for Editor in 0.00 ms.
Initialize engine version: 2020.3.7f1 (dd97f2c94397)
[Subsystems] Discovering subsystems at path /Users/mr5/Desktop/Unity/2020.3.7f1/Unity.app/Contents/Resources/UnitySubsystems
[Subsystems] Discovering subsystems at path /Users/mr5/Documents/GitHub/Portfolio1/Final Jurassic Park/Assets
GfxDevice: creating device client; threaded=0
2021-08-31 12:26:37.923 Unity[5904:100343] LG UltraFine preferred device: AMD Radeon Pro W5700X (high power)
2021-08-31 12:26:37.923 Unity[5904:100343] Metal devices available: 1
2021-08-31 12:26:37.923 Unity[5904:100343] 0: AMD Radeon Pro W5700X (high power)
2021-08-31 12:26:37.923 Unity[5904:100343] Using device AMD Radeon Pro W5700X (high power)
Initializing Metal device caps: AMD Radeon Pro W5700X
Initialize mono
Mono path[0] = '/Users/mr5/Desktop/Unity/2020.3.7f1/Unity.app/Contents/Managed'
Mono path[1] = '/Users/mr5/Desktop/Unity/2020.3.7f1/Unity.app/Contents/MonoBleedingEdge/lib/mono/unityjit'
Mono config path = '/Users/mr5/Desktop/Unity/2020.3.7f1/Unity.app/Contents/MonoBleedingEdge/etc'
Using monoOptions --debugger-agent=transport=dt_socket,embedding=1,server=y,suspend=n,address=127.0.0.1:56904
Begin MonoManager ReloadAssembly
Registering precompiled unity dll's ...
Register platform support module: /Users/mr5/Desktop/Unity/2020.3.7f1/PlaybackEngines/WebGLSupport/UnityEditor.WebGL.Extensions.dll
Register platform support module: /Users/mr5/Desktop/Unity/2020.3.7f1/Unity.app/Contents/PlaybackEngines/MacStandaloneSupport/UnityEditor.OSXStandalone.Extensions.dll
Registered in 0.000611 seconds.
Native extension for OSXStandalone target not found
Native extension for WebGL target not found
Refreshing native plugins compatible for Editor in 35.85 ms, found 2 plugins.
Preloading 0 native plugins for Editor in 0.00 ms.
Mono: successfully reloaded assembly
- Completed reload, in  2.165 seconds
Platform modules already initialized, skipping
Registering precompiled user dll's ...
Registered in 0.001768 seconds.
Begin MonoManager ReloadAssembly
Native extension for OSXStandalone target not found
Native extension for WebGL target not found
Refreshing native plugins compatible for Editor in 0.56 ms, found 2 plugins.
Preloading 0 native plugins for Editor in 0.00 ms.
WARNING: RGBA Compressed ETC2 UNorm format is not supported, decompressing texture
Mono: successfully reloaded assembly
- Completed reload, in  1.232 seconds
Platform modules already initialized, skipping
========================================================================
Worker process is ready to serve import requests
Launching external process: /Users/mr5/Desktop/Unity/2020.3.7f1/Unity.app/Contents/Tools/UnityShaderCompiler
Launched and connected shader compiler UnityShaderCompiler after 0.01 seconds
Refreshing native plugins compatible for Editor in 0.53 ms, found 2 plugins.
Preloading 0 native plugins for Editor in 0.00 ms.
Unloading 1728 Unused Serialized files (Serialized files now loaded: 0)
System memory in use before: 157.1 MB.
System memory in use after: 157.2 MB.

Unloading 19 unused Assets to reduce memory usage. Loaded Objects now: 2161.
Total: 3.102347 ms (FindLiveObjects: 0.244931 ms CreateObjectMapping: 0.048990 ms MarkObjects: 2.734949 ms  DeleteObjects: 0.072456 ms)

========================================================================
Received Import Request.
  path: Assets/Main Menu.unity
  artifactKey: Guid(944057679f6394076a139bc77fb503e5) Importer(815301076,1909f56bfc062723c751e8b465ee728b)
Start importing Assets/Main Menu.unity using Guid(944057679f6394076a139bc77fb503e5) Importer(815301076,1909f56bfc062723c751e8b465ee728b)  -> (artifact id: '86cd08cdff890e382ff27089c42c4211') in 0.012689 seconds
  Import took 0.015583 seconds .

========================================================================
Received Import Request.
  Time since last request: 0.000221 seconds.
  path: Assets/museum.unity
  artifactKey: Guid(bd937e2b2dd8f174fa3c6366e0b99f43) Importer(815301076,1909f56bfc062723c751e8b465ee728b)
Start importing Assets/museum.unity using Guid(bd937e2b2dd8f174fa3c6366e0b99f43) Importer(815301076,1909f56bfc062723c751e8b465ee728b)  -> (artifact id: '9fe7fff683aef4c4e6c3c931404667f3') in 0.000934 seconds
  Import took 0.003713 seconds .

========================================================================
Received Import Request.
  Time since last request: 0.000154 seconds.
  path: Assets/Option.unity
  artifactKey: Guid(8447c1f433c364c0e990599427129fcf) Importer(815301076,1909f56bfc062723c751e8b465ee728b)
Start importing Assets/Option.unity using Guid(8447c1f433c364c0e990599427129fcf) Importer(815301076,1909f56bfc062723c751e8b465ee728b)  -> (artifact id: '4db88a566a7f41f86815987df9d4c88a') in 0.000901 seconds
  Import took 0.003182 seconds .

========================================================================
Received Import Request.
  Time since last request: 36.144428 seconds.
  path: Assets/GUI_Parts/Gui_parts
  artifactKey: Guid(a957a67a46c13fc4896c247b570581f4) Importer(815301076,1909f56bfc062723c751e8b465ee728b)
Start importing Assets/GUI_Parts/Gui_parts using Guid(a957a67a46c13fc4896c247b570581f4) Importer(815301076,1909f56bfc062723c751e8b465ee728b)  -> (artifact id: '24f1e6f8cb9f409d09f2fcbdfa36a0aa') in 0.001178 seconds
  Import took 0.004399 seconds .

========================================================================
Received Import Request.
  Time since last request: 0.000303 seconds.
  path: Assets/GUI_Parts/Gui_parts
  artifactKey: Guid(a957a67a46c13fc4896c247b570581f4) Importer(815301076,1909f56bfc062723c751e8b465ee728b)
Start importing Assets/GUI_Parts/Gui_parts using Guid(a957a67a46c13fc4896c247b570581f4) Importer(815301076,1909f56bfc062723c751e8b465ee728b)  -> (artifact id: '24f1e6f8cb9f409d09f2fcbdfa36a0aa') in 0.000725 seconds
  Import took 0.003351 seconds .

========================================================================
Received Prepare
Registering precompiled user dll's ...
Registered in 0.001728 seconds.
Begin MonoManager ReloadAssembly
Native extension for OSXStandalone target not found
Native extension for WebGL target not found
Refreshing native plugins compatible for Editor in 0.51 ms, found 2 plugins.
Preloading 0 native plugins for Editor in 0.00 ms.
Mono: successfully reloaded assembly
- Completed reload, in  1.149 seconds
Platform modules already initialized, skipping
Switching build target platform(2) subTarget(0) extendedPlatform(0) -> platform(13) subTarget(524288) extendedPlatform(0)
Refreshing native plugins compatible for Editor in 0.53 ms, found 2 plugins.
Preloading 0 native plugins for Editor in 0.00 ms.
Unloading 1696 Unused Serialized files (Serialized files now loaded: 0)
System memory in use before: 154.1 MB.
System memory in use after: 154.2 MB.

Unloading 14 unused Assets to reduce memory usage. Loaded Objects now: 2164.
Total: 3.013914 ms (FindLiveObjects: 0.261300 ms CreateObjectMapping: 0.047870 ms MarkObjects: 2.680447 ms  DeleteObjects: 0.023228 ms)

AssetImportParameters requested are different than current active one (requested -> active):
  custom:graphics/normal-map-encoding: 01000000000000000000000000000000 -> 02000000000000000000000000000000
========================================================================
Received Import Request.
  Time since last request: 125.957499 seconds.
  path: Assets/Jurassic Pack/Shared/16.png
  artifactKey: Guid(391f6d09dc418914e906ac1fc19df7c9) Importer(815301076,1909f56bfc062723c751e8b465ee728b)
Start importing Assets/Jurassic Pack/Shared/16.png using Guid(391f6d09dc418914e906ac1fc19df7c9) Importer(815301076,1909f56bfc062723c751e8b465ee728b)  -> (artifact id: '26b3c7443f82ac257202dd2c7d70eccf') in 0.896874 seconds
  Import took 0.900273 seconds .

========================================================================
Received Import Request.
  Time since last request: 1.404371 seconds.
  path: Assets/Jurassic Pack/Shared/13.png
  artifactKey: Guid(b204a159b445efa4bb1212392e67316c) Importer(815301076,1909f56bfc062723c751e8b465ee728b)
Start importing Assets/Jurassic Pack/Shared/13.png using Guid(b204a159b445efa4bb1212392e67316c) Importer(815301076,1909f56bfc062723c751e8b465ee728b)  -> (artifact id: '5dab6824eb55a387a5a645cf15c18a47') in 0.008138 seconds
  Import took 0.011301 seconds .

========================================================================
Received Import Request.
  Time since last request: 0.001373 seconds.
  path: Assets/Jurassic Pack/Shared/13.png
  artifactKey: Guid(b204a159b445efa4bb1212392e67316c) Importer(815301076,1909f56bfc062723c751e8b465ee728b)
Start importing Assets/Jurassic Pack/Shared/13.png using Guid(b204a159b445efa4bb1212392e67316c) Importer(815301076,1909f56bfc062723c751e8b465ee728b)  -> (artifact id: '5dab6824eb55a387a5a645cf15c18a47') in 0.005212 seconds
  Import took 0.007846 seconds .

========================================================================
Received Prepare
Registering precompiled user dll's ...
Registered in 0.002409 seconds.
Begin MonoManager ReloadAssembly
Native extension for OSXStandalone target not found
Native extension for WebGL target not found
Refreshing native plugins compatible for Editor in 0.52 ms, found 2 plugins.
Preloading 0 native plugins for Editor in 0.00 ms.
Mono: successfully reloaded assembly
- Completed reload, in  1.145 seconds
Platform modules already initialized, skipping
Switching build target platform(2) subTarget(0) extendedPlatform(0) -> platform(13) subTarget(524288) extendedPlatform(0)
Refreshing native plugins compatible for Editor in 0.48 ms, found 2 plugins.
Preloading 0 native plugins for Editor in 0.00 ms.
Unloading 1696 Unused Serialized files (Serialized files now loaded: 0)
System memory in use before: 159.0 MB.
System memory in use after: 159.1 MB.

Unloading 14 unused Assets to reduce memory usage. Loaded Objects now: 2169.
Total: 2.688868 ms (FindLiveObjects: 0.217401 ms CreateObjectMapping: 0.039702 ms MarkObjects: 2.413739 ms  DeleteObjects: 0.017244 ms)

AssetImportParameters requested are different than current active one (requested -> active):
  custom:graphics/normal-map-encoding: 01000000000000000000000000000000 -> 02000000000000000000000000000000
========================================================================
Received Import Request.
  Time since last request: 4.870992 seconds.
  path: Assets/Jurassic Pack/Shared/10.png
  artifactKey: Guid(bd50a80bf79805d41856b2c58ccd826b) Importer(815301076,1909f56bfc062723c751e8b465ee728b)
Start importing Assets/Jurassic Pack/Shared/10.png using Guid(bd50a80bf79805d41856b2c58ccd826b) Importer(815301076,1909f56bfc062723c751e8b465ee728b)  -> (artifact id: 'e0acc71097ddc07563274bd02caf26a3') in 0.033988 seconds
  Import took 0.037267 seconds .

========================================================================
Received Import Request.
  Time since last request: 1.198312 seconds.
  path: Assets/Jurassic Pack/Shared/07.png
  artifactKey: Guid(d973c9172cd1edf4ca621ed6555768d1) Importer(815301076,1909f56bfc062723c751e8b465ee728b)
Start importing Assets/Jurassic Pack/Shared/07.png using Guid(d973c9172cd1edf4ca621ed6555768d1) Importer(815301076,1909f56bfc062723c751e8b465ee728b)  -> (artifact id: '20f1427c16e76cb574a4f60d2fbdc7c2') in 0.020233 seconds
  Import took 0.023487 seconds .

========================================================================
Received Import Request.
  Time since last request: 5.464102 seconds.
  path: Assets/Jurassic Pack/Shared/12.png
  artifactKey: Guid(b54283945f2b91b4fae72a6264a7b264) Importer(815301076,1909f56bfc062723c751e8b465ee728b)
Start importing Assets/Jurassic Pack/Shared/12.png using Guid(b54283945f2b91b4fae72a6264a7b264) Importer(815301076,1909f56bfc062723c751e8b465ee728b)  -> (artifact id: '9fb225149f7d8bee58a0ff8d0aedf540') in 0.017943 seconds
  Import took 0.021206 seconds .

========================================================================
Received Import Request.
  Time since last request: 0.378695 seconds.
  path: Assets/Jurassic Pack/Shared/11.png
  artifactKey: Guid(6520e1abf36abb54e8ba6909ec3a4bc9) Importer(815301076,1909f56bfc062723c751e8b465ee728b)
Start importing Assets/Jurassic Pack/Shared/11.png using Guid(6520e1abf36abb54e8ba6909ec3a4bc9) Importer(815301076,1909f56bfc062723c751e8b465ee728b)  -> (artifact id: 'a41132989771ce75d116a13e56b2ac9c') in 0.007364 seconds
  Import took 0.010666 seconds .

========================================================================
Received Import Request.
  Time since last request: 1.400085 seconds.
  path: Assets/Jurassic Pack/Shared/05.png
  artifactKey: Guid(5845805cc9b407446939267521b931df) Importer(815301076,1909f56bfc062723c751e8b465ee728b)
Start importing Assets/Jurassic Pack/Shared/05.png using Guid(5845805cc9b407446939267521b931df) Importer(815301076,1909f56bfc062723c751e8b465ee728b)  -> (artifact id: '72f5a392ee48a8606e778d6979c92642') in 0.007815 seconds
  Import took 0.011200 seconds .

========================================================================
Received Import Request.
  Time since last request: 0.388699 seconds.
  path: Assets/Jurassic Pack/Shared/04.png
  artifactKey: Guid(7568b84bb9fe4e2448b9a4af2a6ab881) Importer(815301076,1909f56bfc062723c751e8b465ee728b)
Start importing Assets/Jurassic Pack/Shared/04.png using Guid(7568b84bb9fe4e2448b9a4af2a6ab881) Importer(815301076,1909f56bfc062723c751e8b465ee728b)  -> (artifact id: 'c66491bdfa099bebf114a4aef83980bb') in 0.005793 seconds
  Import took 0.009183 seconds .

========================================================================
Received Import Request.
  Time since last request: 0.001344 seconds.
  path: Assets/Jurassic Pack/Shared/04.png
  artifactKey: Guid(7568b84bb9fe4e2448b9a4af2a6ab881) Importer(815301076,1909f56bfc062723c751e8b465ee728b)
Start importing Assets/Jurassic Pack/Shared/04.png using Guid(7568b84bb9fe4e2448b9a4af2a6ab881) Importer(815301076,1909f56bfc062723c751e8b465ee728b)  -> (artifact id: 'c66491bdfa099bebf114a4aef83980bb') in 0.006237 seconds
  Import took 0.009008 seconds .

========================================================================
Received Import Request.
  Time since last request: 0.875289 seconds.
  path: Assets/Jurassic Pack/Shared/02.png
  artifactKey: Guid(e44170da555f4d5419bfc19eae61fd78) Importer(815301076,1909f56bfc062723c751e8b465ee728b)
Start importing Assets/Jurassic Pack/Shared/02.png using Guid(e44170da555f4d5419bfc19eae61fd78) Importer(815301076,1909f56bfc062723c751e8b465ee728b)  -> (artifact id: '0867e1c8287329a4515ba956574bec0e') in 0.008608 seconds
  Import took 0.011927 seconds .

========================================================================
Received Prepare
Refreshing native plugins compatible for Editor in 2.04 ms, found 2 plugins.
Preloading 0 native plugins for Editor in 0.00 ms.
Unloading 12 Unused Serialized files (Serialized files now loaded: 0)
System memory in use before: 127.0 MB.
System memory in use after: 127.1 MB.

Unloading 12 unused Assets to reduce memory usage. Loaded Objects now: 2169.
Total: 3.449033 ms (FindLiveObjects: 0.246400 ms CreateObjectMapping: 0.054412 ms MarkObjects: 3.131593 ms  DeleteObjects: 0.015559 ms)

========================================================================
Received Import Request.
  Time since last request: 279.924465 seconds.
  path: Assets/Raptor/Materials
  artifactKey: Guid(1515b8f84912f4faa91440a7aa808339) Importer(815301076,1909f56bfc062723c751e8b465ee728b)
Start importing Assets/Raptor/Materials using Guid(1515b8f84912f4faa91440a7aa808339) Importer(815301076,1909f56bfc062723c751e8b465ee728b)  -> (artifact id: '793b580e884a8acb5db19d1a948c3cb8') in 0.001300 seconds
  Import took 0.004869 seconds .

========================================================================
Received Import Request.
  Time since last request: 0.000445 seconds.
  path: Assets/Raptor/Materials
  artifactKey: Guid(1515b8f84912f4faa91440a7aa808339) Importer(815301076,1909f56bfc062723c751e8b465ee728b)
Start importing Assets/Raptor/Materials using Guid(1515b8f84912f4faa91440a7aa808339) Importer(815301076,1909f56bfc062723c751e8b465ee728b)  -> (artifact id: '793b580e884a8acb5db19d1a948c3cb8') in 0.000756 seconds
  Import took 0.003164 seconds .

========================================================================
Received Prepare
Registering precompiled user dll's ...
Registered in 0.001668 seconds.
Begin MonoManager ReloadAssembly
Native extension for OSXStandalone target not found
Native extension for WebGL target not found
Refreshing native plugins compatible for Editor in 0.52 ms, found 2 plugins.
Preloading 0 native plugins for Editor in 0.00 ms.
Mono: successfully reloaded assembly
- Completed reload, in  1.181 seconds
Platform modules already initialized, skipping
Switching build target platform(2) subTarget(0) extendedPlatform(0) -> platform(13) subTarget(524288) extendedPlatform(0)
Refreshing native plugins compatible for Editor in 0.49 ms, found 2 plugins.
Preloading 0 native plugins for Editor in 0.00 ms.
Unloading 1685 Unused Serialized files (Serialized files now loaded: 0)
System memory in use before: 159.0 MB.
System memory in use after: 159.1 MB.

Unloading 21 unused Assets to reduce memory usage. Loaded Objects now: 2165.
Total: 2.726764 ms (FindLiveObjects: 0.222391 ms CreateObjectMapping: 0.049208 ms MarkObjects: 2.434285 ms  DeleteObjects: 0.020088 ms)

AssetImportParameters requested are different than current active one (requested -> active):
  custom:graphics/normal-map-encoding: 01000000000000000000000000000000 -> 02000000000000000000000000000000
AssetImportWorkerClient::OnTransportError - code=2 error=End of file
