Using pre-set license

 COMMAND LINE ARGUMENTS:
/Users/mr5/Desktop/Unity/2020.3.7f1/Unity.app/Contents/MacOS/Unity
-adb2
-batchMode
-noUpm
-name
AssetImportWorker0
-projectPath
/Users/mr5/Documents/GitHub/Portfolio1/Final Jurassic Park
-logFile
Logs/AssetImportWorker0.log
-srvPort
50476
Successfully changed project path to: /Users/mr5/Documents/GitHub/Portfolio1/Final Jurassic Park
/Users/mr5/Documents/GitHub/Portfolio1/Final Jurassic Park
Using Asset Import Pipeline V2.
Refreshing native plugins compatible for Editor in 39.46 ms, found 2 plugins.
Preloading 0 native plugins for Editor in 0.00 ms.
Initialize engine version: 2020.3.7f1 (dd97f2c94397)
[Subsystems] Discovering subsystems at path /Users/mr5/Desktop/Unity/2020.3.7f1/Unity.app/Contents/Resources/UnitySubsystems
[Subsystems] Discovering subsystems at path /Users/mr5/Documents/GitHub/Portfolio1/Final Jurassic Park/Assets
GfxDevice: creating device client; threaded=0
2021-08-31 12:42:59.046 Unity[6317:116400] LG UltraFine preferred device: AMD Radeon Pro W5700X (high power)
2021-08-31 12:42:59.046 Unity[6317:116400] Metal devices available: 1
2021-08-31 12:42:59.046 Unity[6317:116400] 0: AMD Radeon Pro W5700X (high power)
2021-08-31 12:42:59.047 Unity[6317:116400] Using device AMD Radeon Pro W5700X (high power)
Initializing Metal device caps: AMD Radeon Pro W5700X
Initialize mono
Mono path[0] = '/Users/mr5/Desktop/Unity/2020.3.7f1/Unity.app/Contents/Managed'
Mono path[1] = '/Users/mr5/Desktop/Unity/2020.3.7f1/Unity.app/Contents/MonoBleedingEdge/lib/mono/unityjit'
Mono config path = '/Users/mr5/Desktop/Unity/2020.3.7f1/Unity.app/Contents/MonoBleedingEdge/etc'
Using monoOptions --debugger-agent=transport=dt_socket,embedding=1,server=y,suspend=n,address=127.0.0.1:56317
Begin MonoManager ReloadAssembly
Registering precompiled unity dll's ...
Register platform support module: /Users/mr5/Desktop/Unity/2020.3.7f1/PlaybackEngines/WebGLSupport/UnityEditor.WebGL.Extensions.dll
Register platform support module: /Users/mr5/Desktop/Unity/2020.3.7f1/Unity.app/Contents/PlaybackEngines/MacStandaloneSupport/UnityEditor.OSXStandalone.Extensions.dll
Registered in 0.000727 seconds.
Native extension for OSXStandalone target not found
Native extension for WebGL target not found
Refreshing native plugins compatible for Editor in 37.12 ms, found 2 plugins.
Preloading 0 native plugins for Editor in 0.00 ms.
Mono: successfully reloaded assembly
- Completed reload, in  2.351 seconds
Platform modules already initialized, skipping
Registering precompiled user dll's ...
Registered in 0.001852 seconds.
Begin MonoManager ReloadAssembly
Native extension for OSXStandalone target not found
Native extension for WebGL target not found
Refreshing native plugins compatible for Editor in 0.54 ms, found 2 plugins.
Preloading 0 native plugins for Editor in 0.00 ms.
WARNING: RGBA Compressed ETC2 UNorm format is not supported, decompressing texture
Mono: successfully reloaded assembly
- Completed reload, in  1.426 seconds
Platform modules already initialized, skipping
========================================================================
Worker process is ready to serve import requests
Launching external process: /Users/mr5/Desktop/Unity/2020.3.7f1/Unity.app/Contents/Tools/UnityShaderCompiler
Launched and connected shader compiler UnityShaderCompiler after 0.01 seconds
Refreshing native plugins compatible for Editor in 0.49 ms, found 2 plugins.
Preloading 0 native plugins for Editor in 0.00 ms.
Unloading 1717 Unused Serialized files (Serialized files now loaded: 0)
System memory in use before: 232.6 MB.
System memory in use after: 232.6 MB.

Unloading 19 unused Assets to reduce memory usage. Loaded Objects now: 2160.
Total: 2.956776 ms (FindLiveObjects: 0.240889 ms CreateObjectMapping: 0.042178 ms MarkObjects: 2.585917 ms  DeleteObjects: 0.086610 ms)

========================================================================
Received Import Request.
  path: Assets
  artifactKey: Guid(00000000000000001000000000000000) Importer(815301076,1909f56bfc062723c751e8b465ee728b)
Start importing Assets using Guid(00000000000000001000000000000000) Importer(815301076,1909f56bfc062723c751e8b465ee728b)  -> (artifact id: '5f6a1853b736837ecfb0820a881449cb') in 0.004036 seconds
  Import took 0.006984 seconds .

========================================================================
Received Prepare
Registering precompiled user dll's ...
Registered in 0.001735 seconds.
Begin MonoManager ReloadAssembly
Native extension for OSXStandalone target not found
Native extension for WebGL target not found
Refreshing native plugins compatible for Editor in 0.51 ms, found 2 plugins.
Preloading 0 native plugins for Editor in 0.00 ms.
Mono: successfully reloaded assembly
- Completed reload, in  1.171 seconds
Platform modules already initialized, skipping
Switching build target platform(2) subTarget(0) extendedPlatform(0) -> platform(13) subTarget(524288) extendedPlatform(0)
Refreshing native plugins compatible for Editor in 0.51 ms, found 2 plugins.
Preloading 0 native plugins for Editor in 0.00 ms.
Unloading 1696 Unused Serialized files (Serialized files now loaded: 0)
System memory in use before: 227.4 MB.
System memory in use after: 227.5 MB.

Unloading 14 unused Assets to reduce memory usage. Loaded Objects now: 2174.
Total: 2.892095 ms (FindLiveObjects: 0.246391 ms CreateObjectMapping: 0.047820 ms MarkObjects: 2.575100 ms  DeleteObjects: 0.022023 ms)

AssetImportParameters requested are different than current active one (requested -> active):
  custom:graphics/normal-map-encoding: 01000000000000000000000000000000 -> 02000000000000000000000000000000
========================================================================
Received Prepare
Refreshing native plugins compatible for Editor in 1.83 ms, found 2 plugins.
Preloading 0 native plugins for Editor in 0.00 ms.
Unloading 12 Unused Serialized files (Serialized files now loaded: 0)
System memory in use before: 196.9 MB.
System memory in use after: 197.1 MB.

Unloading 12 unused Assets to reduce memory usage. Loaded Objects now: 2174.
Total: 2.779491 ms (FindLiveObjects: 0.232095 ms CreateObjectMapping: 0.064545 ms MarkObjects: 2.466936 ms  DeleteObjects: 0.015033 ms)

========================================================================
Received Prepare
Refreshing native plugins compatible for Editor in 1.86 ms, found 2 plugins.
Preloading 0 native plugins for Editor in 0.00 ms.
Unloading 12 Unused Serialized files (Serialized files now loaded: 0)
System memory in use before: 197.1 MB.
System memory in use after: 197.2 MB.

Unloading 12 unused Assets to reduce memory usage. Loaded Objects now: 2174.
Total: 2.709239 ms (FindLiveObjects: 0.244046 ms CreateObjectMapping: 0.045872 ms MarkObjects: 2.399546 ms  DeleteObjects: 0.018606 ms)

========================================================================
Received Prepare
Refreshing native plugins compatible for Editor in 1.95 ms, found 2 plugins.
Preloading 0 native plugins for Editor in 0.00 ms.
Unloading 12 Unused Serialized files (Serialized files now loaded: 0)
System memory in use before: 197.5 MB.
System memory in use after: 197.6 MB.

Unloading 12 unused Assets to reduce memory usage. Loaded Objects now: 2174.
Total: 2.751555 ms (FindLiveObjects: 0.244929 ms CreateObjectMapping: 0.045848 ms MarkObjects: 2.443209 ms  DeleteObjects: 0.016371 ms)

========================================================================
Received Prepare
Refreshing native plugins compatible for Editor in 1.80 ms, found 2 plugins.
Preloading 0 native plugins for Editor in 0.00 ms.
Unloading 12 Unused Serialized files (Serialized files now loaded: 0)
System memory in use before: 197.7 MB.
System memory in use after: 197.8 MB.

Unloading 12 unused Assets to reduce memory usage. Loaded Objects now: 2174.
Total: 2.784911 ms (FindLiveObjects: 0.265957 ms CreateObjectMapping: 0.097465 ms MarkObjects: 2.400565 ms  DeleteObjects: 0.019862 ms)

========================================================================
Received Prepare
Refreshing native plugins compatible for Editor in 2.02 ms, found 2 plugins.
Preloading 0 native plugins for Editor in 0.00 ms.
Unloading 12 Unused Serialized files (Serialized files now loaded: 0)
System memory in use before: 197.8 MB.
System memory in use after: 197.9 MB.

Unloading 12 unused Assets to reduce memory usage. Loaded Objects now: 2174.
Total: 2.800833 ms (FindLiveObjects: 0.260084 ms CreateObjectMapping: 0.089411 ms MarkObjects: 2.435862 ms  DeleteObjects: 0.014237 ms)

========================================================================
Received Prepare
Refreshing native plugins compatible for Editor in 1.82 ms, found 2 plugins.
Preloading 0 native plugins for Editor in 0.00 ms.
Unloading 12 Unused Serialized files (Serialized files now loaded: 0)
System memory in use before: 198.0 MB.
System memory in use after: 198.1 MB.

Unloading 12 unused Assets to reduce memory usage. Loaded Objects now: 2174.
Total: 2.757878 ms (FindLiveObjects: 0.238740 ms CreateObjectMapping: 0.091450 ms MarkObjects: 2.411210 ms  DeleteObjects: 0.015541 ms)

========================================================================
Received Prepare
Refreshing native plugins compatible for Editor in 1.78 ms, found 2 plugins.
Preloading 0 native plugins for Editor in 0.00 ms.
Unloading 12 Unused Serialized files (Serialized files now loaded: 0)
System memory in use before: 198.2 MB.
System memory in use after: 198.3 MB.

Unloading 12 unused Assets to reduce memory usage. Loaded Objects now: 2174.
Total: 2.758319 ms (FindLiveObjects: 0.249874 ms CreateObjectMapping: 0.083666 ms MarkObjects: 2.409806 ms  DeleteObjects: 0.014235 ms)

========================================================================
Received Prepare
Refreshing native plugins compatible for Editor in 1.81 ms, found 2 plugins.
Preloading 0 native plugins for Editor in 0.00 ms.
Unloading 12 Unused Serialized files (Serialized files now loaded: 0)
System memory in use before: 198.4 MB.
System memory in use after: 198.5 MB.

Unloading 12 unused Assets to reduce memory usage. Loaded Objects now: 2174.
Total: 2.727166 ms (FindLiveObjects: 0.240431 ms CreateObjectMapping: 0.083736 ms MarkObjects: 2.386940 ms  DeleteObjects: 0.015055 ms)

AssetImportWorkerClient::OnTransportError - code=2 error=End of file
